<?xml version="1.0" encoding="UTF-8"?>
<robot generator="Robot 3.1.2 (Python 3.7.3 on win32)" generated="20200413 14:28:43.991" rpa="false">
<suite id="s1" name="Demo" source="E:\pycharm\RF\demo.robot">
<test id="s1-t1" name="case01">
<kw name="Open Browser" library="SeleniumLibrary">
<doc>Opens a new browser instance to the given ``url``.</doc>
<arguments>
<arg>http://www.baidu.com</arg>
<arg>Chrome</arg>
</arguments>
<msg timestamp="20200413 14:28:44.496" level="INFO">Opening browser 'Chrome' to base url 'http://www.baidu.com'.</msg>
<status status="PASS" starttime="20200413 14:28:44.496" endtime="20200413 14:29:04.748"></status>
</kw>
<kw name="Input Text" library="SeleniumLibrary">
<doc>Types the given ``text`` into text field identified by ``locator``.</doc>
<arguments>
<arg>id=kw</arg>
<arg>测码学院</arg>
</arguments>
<msg timestamp="20200413 14:29:04.750" level="INFO">Typing text '测码学院' into text field 'id=kw'.</msg>
<status status="PASS" starttime="20200413 14:29:04.749" endtime="20200413 14:29:05.091"></status>
</kw>
<kw name="Click Element" library="SeleniumLibrary">
<doc>Click element identified by ``locator``.</doc>
<arguments>
<arg>id=su</arg>
</arguments>
<msg timestamp="20200413 14:29:05.092" level="INFO">Clicking element 'id=su'.</msg>
<status status="PASS" starttime="20200413 14:29:05.092" endtime="20200413 14:29:05.619"></status>
</kw>
<kw name="Close Browser" library="SeleniumLibrary">
<doc>Closes the current browser.</doc>
<status status="PASS" starttime="20200413 14:29:05.640" endtime="20200413 14:29:09.790"></status>
</kw>
<status status="PASS" starttime="20200413 14:28:44.495" endtime="20200413 14:29:09.791" critical="yes"></status>
</test>
<status status="PASS" starttime="20200413 14:28:43.995" endtime="20200413 14:29:09.793"></status>
</suite>
<statistics>
<total>
<stat pass="1" fail="0">Critical Tests</stat>
<stat pass="1" fail="0">All Tests</stat>
</total>
<tag>
</tag>
<suite>
<stat pass="1" fail="0" id="s1" name="Demo">Demo</stat>
</suite>
</statistics>
<errors>
</errors>
</robot>
